<?xml version="1.0" encoding="UTF-8"?>
<!-- Generated by org.testng.reporters.JUnitReportReporter -->
<testsuite hostname="DESKTOP-HC7IK1R" failures="0" tests="2" name="com.crm.vtiger.generic.utilities.vtigerDependsMethod" time="10.953" errors="0" timestamp="2021-11-25T16:42:45 GMT" skipped="0">
  <testcase classname="com.crm.vtiger.generic.utilities.vtigerDependsMethod" name="driverLaunch" time="10.940"/>
  <system-out/>
  <testcase classname="com.crm.vtiger.generic.utilities.vtigerDependsMethod" name="userName" time="0.013"/>
  <system-out/>
</testsuite> <!-- com.crm.vtiger.generic.utilities.vtigerDependsMethod -->
