<?xml version="1.0" encoding="UTF-8"?>
<!-- Generated by org.testng.reporters.JUnitReportReporter -->
<testsuite hostname="DESKTOP-HC7IK1R" failures="0" tests="1" name="com.crm.vtiger.generic.utilities.javaUtility" time="0.183" errors="0" timestamp="2021-12-08T06:58:17 GMT" skipped="0">
  <testcase classname="com.crm.vtiger.generic.utilities.javaUtility" name="getSystemDate" time="0.183"/>
  <system-out/>
</testsuite> <!-- com.crm.vtiger.generic.utilities.javaUtility -->
