<?xml version="1.0" encoding="UTF-8"?>
<!-- Generated by org.testng.reporters.JUnitReportReporter -->
<testsuite hostname="DESKTOP-HC7IK1R" failures="0" tests="1" name="com.pom.test.createOrganizationsTest" time="82.990" errors="0" timestamp="2022-01-06T06:33:02 GMT" skipped="0">
  <testcase classname="com.pom.test.createOrganizationsTest" name="CreateOrganization" time="82.990"/>
  <system-out/>
</testsuite> <!-- com.pom.test.createOrganizationsTest -->
